     1                                  global main
     2                                  
     3                                  extern puts
     4                                  ;es el print
     5                                  
     6                                  section .data
     7                                      ;Si no pongo el 0 tira segfault, puts lee hasta 0 binario.
     8 00000000 486F6C61206D756E64-         mensaje db "Hola mundo", 0
     8 00000009 6F00               
     9                                  section.text
     9          ******************       warning: label alone on a line without a colon might be in error [-w+label-orphan]
    10                                  main:
    11                                  
    12 0000000B 4883EC08                    sub rsp, 8
    13 0000000F 48BF-                       mov rdi, mensaje
    13 00000011 [0000000000000000] 
    14 00000019 E8(00000000)                call puts
    15 0000001E 4883C408                    add rsp, 8
    16                                  
    17 00000022 C3                          ret
