     1                                  global	main
     2                                  extern	printf
     3                                  section	.data
     4 00000000 456C656D656E746F20-     	msjSal			db	'Elemento guardado en fila %li columna %li: %hi',10,13,0
     4 00000009 677561726461646F20-
     4 00000012 656E2066696C612025-
     4 0000001B 6C6920636F6C756D6E-
     4 00000024 6120256C693A202568-
     4 0000002D 690A0D00           
     5                                  
     6                                  	;matriz		times 9 dw 2
     7 00000031 0B000C000D00            	matriz		dw	11,12,13
     8 00000037 150016001700            						dw	21,22,23
     9 0000003D 1F0020002100            						dw	31,32,33
    10                                  
    11                                  	LONG_ELEM	equ	2
    12                                  	CANT_FIL	equ	3
    13                                  	CANT_COL	equ	3
    14                                  
    15 00000043 0200000000000000        	fil				dq	2
    16 0000004B 0300000000000000        	col				dq	3
    17                                  
    18                                  section		.text
    19                                  main:
    20 00000000 4883EC08                	sub		rsp,8
    21                                  
    22 00000004 488B0425[43000000]      	mov		rax,[fil]			;rax = fila
    23 0000000C 48FFC8                  	dec		rax						;fila-1
    24 0000000F 486BC002                	imul	rax,LONG_ELEM	;(fila-1) * longElem
    25 00000013 486BC003                	imul	rax,CANT_COL	;(fila-1) * longElem * cantCol = (fila-1) * longFila
    26                                  
    27 00000017 4889C3                  	mov		rbx,rax				;rbx = desplazamiento en fila
    28                                  	
    29 0000001A 488B0425[4B000000]      	mov		rax,[col]			;rax = columna
    30 00000022 48FFC8                  	dec		rax						;columna-1
    31 00000025 486BC002                	imul	rax,LONG_ELEM	;(columna-1) * longElem
    32                                  
    33 00000029 4801C3                  	add		rbx,rax				;rbx = desplazamiento total
    34                                  
    35 0000002C 48BF-                   	mov		rdi,msjSal
    35 0000002E [0000000000000000] 
    36 00000036 488B3425[43000000]      	mov		rsi,[fil]
    37 0000003E 488B1425[4B000000]      	mov		rdx,[col]
    38 00000046 4829C9                  		sub		rcx,rcx
    39 00000049 668B8B[31000000]        	mov		cx,word[matriz+rbx]
    40 00000050 E8(00000000)            	call	printf
    41                                  
    42 00000055 4883C408                	add		rsp,8
    43 00000059 C3                      	ret
