     1                                  global main
     2                                  extern puts
     3                                  
     4                                  section .data
     5 00000000 414243444546474849-     t db "ABCDEFGH", "IJKLMNOP", "QRSTUVWX"
     5 00000009 4A4B4C4D4E4F505152-
     5 00000012 535455565758       
     6 00000018 28                      code db 40
     7 00000019 00000000                desplaz dd 0
     8                                  
     9                                  section .text
    10                                  main:
    11 00000000 B803000000                  mov rax,3
    12 00000005 BB02000000                  mov rbx,2
    13                                  
    14 0000000A 48FFC8                      dec rax
    15 0000000D 486BC008                    imul rax,8
    16                                  
    17 00000011 4883EB01                    sub rbx,1
    18 00000015 486BDB04                    imul rbx,4
    19                                  
    20 00000019 4801C3                      add rbx,rax
    21 0000001C 4C8D0425[00000000]          lea r8, [t]
    22 00000024 4901D8                      add r8, rbx
    23                                  
    24 00000027 4C89C7                      mov rdi,r8
    25 0000002A 4883EC08                    sub rsp,8
    26 0000002E E8(00000000)                call puts
    27 00000033 4883C408                    add rsp,8
    28 00000037 C3                      ret
