     1                                  %macro mPrintf 1
     2                                      mov rdi, %1
     3                                      sub rsp, 0
     4                                      call printf
     5                                      add rsp,0
     6                                  %endMacro
     7                                  
     8                                  global main
     9                                  extern printf
    10                                  
    11                                  section .data
    12 00000000 010002000300040005-         array dw 1,2,3,4,5,6,8,9,10,11,12,13,14,15,16,17,18,19,20
    12 00000009 000600080009000A00-
    12 00000012 0B000C000D000E000F-
    12 0000001B 001000110012001300-
    12 00000024 1400               
    13 00000026 456C206E756D65726F-         msgMax db "El numero maximo es %i", 10,0
    13 0000002F 206D6178696D6F2065-
    13 00000038 732025690A00       
    14 0000003E 456C206E756D65726F-         msgMin db "El numero minimo es %i", 10,0
    14 00000047 206D696E696D6F2065-
    14 00000050 732025690A00       
    15 00000056 456C2070726F6D6564-         msgPromedio db "El promedio es %i", 10,0
    15 0000005F 696F2065732025690A-
    15 00000068 00                 
    16 00000069 00                          pos db 0
    17                                  section .bss
    18 00000000 ????                        max resw 1
    19 00000002 ????                        min resw 1
    20 00000004 ????????                    sum resd 1
    21                                  section .text
    22                                  main:
    23 00000000 668B0425[00000000]          mov ax, [array]
    24 00000008 66890425[00000000]          mov [max], ax
    25 00000010 66890425[02000000]          mov [min], ax
    26 00000018 C70425[04000000]00-         mov dword[sum], 0
    26 00000020 000000             
    27                                  loop:
    28 00000023 488B0C25[69000000]          mov rcx, [pos]
    29 0000002B 48FFC9                      dec rcx
    30 0000002E 6BD902                      imul ebx, ecx, 2
    31                                  
    32 00000031 66678B83[00000000]          mov ax, [array + ebx]
    33 00000039 663B0425[00000000]          cmp ax, [max]
    34 00000041 7E08                        jle noMax
    35 00000043 66890425[00000000]          mov [max], ax
    36                                  noMax:
    37 0000004B 663B0425[02000000]          cmp ax, [min]
    38 00000053 7D08                        jge noMin
    39 00000055 66890425[02000000]          mov [min], ax
    40                                  noMin:
    41 0000005D 010425[04000000]            add dword[sum], eax
    42 00000064 FF0425[69000000]            inc dword[pos]
    43 0000006B 833C25[69000000]0A          cmp dword[pos], 10
    44 00000073 75AE                        jne loop
    45                                  
    46 00000075 8B0425[00000000]            mov eax, [max]
    47                                      mPrintf msgMax
     2 0000007C 48BF-               <1>  mov rdi, %1
     2 0000007E [2600000000000000]  <1>
     3 00000086 4883EC00            <1>  sub rsp, 0
     4 0000008A E8(00000000)        <1>  call printf
     5 0000008F 4883C400            <1>  add rsp,0
    48 00000093 8B0425[02000000]            mov eax, [min]
    49                                      mPrintf msgMin
     2 0000009A 48BF-               <1>  mov rdi, %1
     2 0000009C [3E00000000000000]  <1>
     3 000000A4 4883EC00            <1>  sub rsp, 0
     4 000000A8 E8(00000000)        <1>  call printf
     5 000000AD 4883C400            <1>  add rsp,0
    50 000000B1 8B0425[04000000]            mov eax, [sum]
    51 000000B8 BB0A000000                  mov ebx, 10
    52 000000BD F7FB                        idiv ebx
    53                                      mPrintf msgPromedio
     2 000000BF 48BF-               <1>  mov rdi, %1
     2 000000C1 [5600000000000000]  <1>
     3 000000C9 4883EC00            <1>  sub rsp, 0
     4 000000CD E8(00000000)        <1>  call printf
     5 000000D2 4883C400            <1>  add rsp,0
    54 000000D6 C3                          ret
