     1                                  global main
     2                                  
     3                                  extern puts
     4                                  ;es el print
     5                                  
     6                                  section .data
     7                                      ;Si no pongo el 0 tira segfault, puts lee hasta 0 binario.
     8 00000000 486F6C61206D756E64-         mensaje db "Hola mundo", 0
     8 00000009 6F00               
     9                                  section .text
    10                                  main:
    11 00000000 4889E5                      mov rbp, rsp; for correct debugging
    12                                  
    13 00000003 4883EC08                    sub rsp, 8
    14 00000007 48BF-                       mov rdi, mensaje
    14 00000009 [0000000000000000] 
    15 00000011 E8(00000000)                call puts
    16 00000016 4883C408                    add rsp, 8
    17                                  
    18 0000001A C3                          ret
